<?xml version="1.0" encoding="UTF-8"?>
<!-- Generated by org.testng.reporters.JUnitXMLReporter -->
<testsuite ignored="1" hostname="INLEN8520046733" failures="0" tests="1" name="Default test" time="56.131" errors="0" timestamp="2023-01-09T18:07:34 IST">
  <testcase classname="com.TestNg.TestCases.TestCases" name="AddItemTest" time="50.793"/>
  <testcase classname="com.TestNg.TestCases.TestCases" name="LoginTest" time="0.0">
    <ignored/>
  </testcase> <!-- LoginTest -->
</testsuite> <!-- Default test -->
